<component name="libraryTable">
  <library name="junit-platform-launcher-1.4.2">
    <CLASSES>
      <root url="jar://$USER_HOME$/jdk-12.0.1/lib/junit-platform-launcher-1.4.2.jar!/" />
      <root url="jar://$USER_HOME$/jdk-12.0.1/lib/junit-platform-commons-1.4.2.jar!/" />
      <root url="jar://$USER_HOME$/jdk-12.0.1/lib/junit-platform-engine-1.4.2.jar!/" />
      <root url="jar://$USER_HOME$/jdk-12.0.1/lib/junit-jupiter-params-5.4.2(1).jar!/" />
      <root url="jar://$USER_HOME$/jdk-12.0.1/lib/junit-platform-console-1.4.2.jar!/" />
      <root url="jar://$USER_HOME$/jdk-12.0.1/lib/junit-platform-testkit-1.4.2.jar!/" />
      <root url="jar://$USER_HOME$/jdk-12.0.1/lib/junit-platform-reporting-1.4.2.jar!/" />
      <root url="jar://$USER_HOME$/jdk-12.0.1/lib/junit-jupiter-params-5.4.2.jar!/" />
      <root url="jar://$USER_HOME$/jdk-12.0.1/lib/junit-platform-runner-1.4.2.jar!/" />
      <root url="jar://$USER_HOME$/jdk-12.0.1/lib/junit-platform-suite-api-1.4.2.jar!/" />
      <root url="jar://$USER_HOME$/jdk-12.0.1/lib/junit-jupiter-api-5.4.2.jar!/" />
      <root url="jar://$USER_HOME$/jdk-12.0.1/lib/junit-platform-console-standalone-1.4.2.jar!/" />
      <root url="jar://$USER_HOME$/jdk-12.0.1/lib/junit-4.10.jar!/" />
    </CLASSES>
    <JAVADOC />
    <SOURCES />
  </library>
</component>